Arguments: 
  /home/robcg/.nvm/versions/node/v12.13.0/bin/node /home/robcg/.nvm/versions/node/v12.13.0/bin/yarn init

PATH: 
  /home/robcg/.nvm/versions/node/v12.13.0/bin:/home/robcg/bin:/home/robcg/.local/bin:/usr/local/sbin:/usr/local/bin:/usr/sbin:/usr/bin:/sbin:/bin:/usr/games:/usr/local/games:/snap/bin

Yarn version: 
  1.21.0

Node version: 
  12.13.0

Platform: 
  linux x64

Trace: 
  Error: canceled
      at Interface.<anonymous> (/home/robcg/.nvm/versions/node/v12.13.0/lib/node_modules/yarn/lib/cli.js:136882:13)
      at Interface.emit (events.js:210:5)
      at Interface._ttyWrite (readline.js:887:16)
      at ReadStream.onkeypress (readline.js:191:10)
      at ReadStream.emit (events.js:210:5)
      at emitKeys (internal/readline/utils.js:433:14)
      at emitKeys.next (<anonymous>)
      at ReadStream.onData (readline.js:1153:36)
      at ReadStream.emit (events.js:210:5)
      at addChunk (_stream_readable.js:308:12)

npm manifest: 
  {
    "name": "starter-code",
    "version": "1.0.0",
    "description": "",
    "main": "index.js",
    "scripts": {
      "webpack": "webpack-dev-server --progress --color",
      "test": "echo \"Error: no test specified\" && exit 1"
    },
    "author": "",
    "license": "ISC",
    "dependencies": {
      "babel-cli": "^6.26.0",
      "babel-core": "^6.26.3",
      "babel-loader": "^7.1.5",
      "babel-plugin-transform-class-properties": "^6.24.1",
      "babel-preset-env": "^1.7.0",
      "babel-preset-react": "^6.24.1",
      "css-loader": "^1.0.0",
      "style-loader": "^0.23.0",
      "webpack": "^4.6.0",
      "webpack-cli": "^3.1.0",
      "webpack-dev-server": "^3.1.8"
    }
  }

yarn manifest: 
  No manifest

Lockfile: 
  No lockfile
